<?xml version="1.0" encoding="UTF-8"?>
<testsuite name="com.example.vertx.rxvertx_college.TestMainVerticle" tests="1" skipped="0" failures="0" errors="0" timestamp="2020-07-19T03:44:45" hostname="Ketans-MacBook-Pro.local" time="0.266">
  <properties/>
  <testcase name="verticle_deployed(Vertx, VertxTestContext)" classname="com.example.vertx.rxvertx_college.TestMainVerticle" time="0.266"/>
  <system-out><![CDATA[]]></system-out>
  <system-err><![CDATA[]]></system-err>
</testsuite>
